2020-07-22 10:37:15.152  INFO 3264 --- [main] com.cargohub.AlgorithmMasterDbApp        : Starting AlgorithmMasterDbApp on DESKTOP-6M3SM08 with PID 3264 (C:\Users\SvampX\IdeaProjects\AlgorithmMasterDB\target\classes started by SvampX in C:\Users\SvampX\IdeaProjects\AlgorithmMasterDB)
2020-07-22 10:37:15.154  INFO 3264 --- [main] com.cargohub.AlgorithmMasterDbApp        : No active profile set, falling back to default profiles: default
2020-07-22 10:37:15.771  INFO 3264 --- [main] .s.d.r.c.RepositoryConfigurationDelegate : Multiple Spring Data modules found, entering strict repository configuration mode!
2020-07-22 10:37:15.772  INFO 3264 --- [main] .s.d.r.c.RepositoryConfigurationDelegate : Bootstrapping Spring Data Neo4j repositories in DEFAULT mode.
2020-07-22 10:37:15.812  INFO 3264 --- [main] .RepositoryConfigurationExtensionSupport : Spring Data Neo4j - Could not safely identify store assignment for repository candidate interface com.cargohub.repository.CargoPositionRepository. If you want this repository to be a Neo4j repository, consider annotating your entities with one of these annotations: org.neo4j.ogm.annotation.NodeEntity, org.neo4j.ogm.annotation.RelationshipEntity (preferred), or consider extending one of the following types with your repository: org.springframework.data.neo4j.repository.Neo4jRepository.
2020-07-22 10:37:15.813  INFO 3264 --- [main] .RepositoryConfigurationExtensionSupport : Spring Data Neo4j - Could not safely identify store assignment for repository candidate interface com.cargohub.repository.CargoRepository. If you want this repository to be a Neo4j repository, consider annotating your entities with one of these annotations: org.neo4j.ogm.annotation.NodeEntity, org.neo4j.ogm.annotation.RelationshipEntity (preferred), or consider extending one of the following types with your repository: org.springframework.data.neo4j.repository.Neo4jRepository.
2020-07-22 10:37:15.815  INFO 3264 --- [main] .RepositoryConfigurationExtensionSupport : Spring Data Neo4j - Could not safely identify store assignment for repository candidate interface com.cargohub.repository.CarrierCompartmentRepository. If you want this repository to be a Neo4j repository, consider annotating your entities with one of these annotations: org.neo4j.ogm.annotation.NodeEntity, org.neo4j.ogm.annotation.RelationshipEntity (preferred), or consider extending one of the following types with your repository: org.springframework.data.neo4j.repository.Neo4jRepository.
2020-07-22 10:37:15.816  INFO 3264 --- [main] .RepositoryConfigurationExtensionSupport : Spring Data Neo4j - Could not safely identify store assignment for repository candidate interface com.cargohub.repository.DimensionsRepository. If you want this repository to be a Neo4j repository, consider annotating your entities with one of these annotations: org.neo4j.ogm.annotation.NodeEntity, org.neo4j.ogm.annotation.RelationshipEntity (preferred), or consider extending one of the following types with your repository: org.springframework.data.neo4j.repository.Neo4jRepository.
2020-07-22 10:37:15.817  INFO 3264 --- [main] .RepositoryConfigurationExtensionSupport : Spring Data Neo4j - Could not safely identify store assignment for repository candidate interface com.cargohub.repository.HubRepository. If you want this repository to be a Neo4j repository, consider annotating your entities with one of these annotations: org.neo4j.ogm.annotation.NodeEntity, org.neo4j.ogm.annotation.RelationshipEntity (preferred), or consider extending one of the following types with your repository: org.springframework.data.neo4j.repository.Neo4jRepository.
2020-07-22 10:37:15.830  INFO 3264 --- [main] .RepositoryConfigurationExtensionSupport : Spring Data Neo4j - Could not safely identify store assignment for repository candidate interface com.cargohub.repository.OrderRepository. If you want this repository to be a Neo4j repository, consider annotating your entities with one of these annotations: org.neo4j.ogm.annotation.NodeEntity, org.neo4j.ogm.annotation.RelationshipEntity (preferred), or consider extending one of the following types with your repository: org.springframework.data.neo4j.repository.Neo4jRepository.
2020-07-22 10:37:15.832  INFO 3264 --- [main] .RepositoryConfigurationExtensionSupport : Spring Data Neo4j - Could not safely identify store assignment for repository candidate interface com.cargohub.repository.RelationRepository. If you want this repository to be a Neo4j repository, consider annotating your entities with one of these annotations: org.neo4j.ogm.annotation.NodeEntity, org.neo4j.ogm.annotation.RelationshipEntity (preferred), or consider extending one of the following types with your repository: org.springframework.data.neo4j.repository.Neo4jRepository.
2020-07-22 10:37:15.835  INFO 3264 --- [main] .RepositoryConfigurationExtensionSupport : Spring Data Neo4j - Could not safely identify store assignment for repository candidate interface com.cargohub.repository.RouteRepository. If you want this repository to be a Neo4j repository, consider annotating your entities with one of these annotations: org.neo4j.ogm.annotation.NodeEntity, org.neo4j.ogm.annotation.RelationshipEntity (preferred), or consider extending one of the following types with your repository: org.springframework.data.neo4j.repository.Neo4jRepository.
2020-07-22 10:37:15.836  INFO 3264 --- [main] .RepositoryConfigurationExtensionSupport : Spring Data Neo4j - Could not safely identify store assignment for repository candidate interface com.cargohub.repository.TransportDetailsRepository. If you want this repository to be a Neo4j repository, consider annotating your entities with one of these annotations: org.neo4j.ogm.annotation.NodeEntity, org.neo4j.ogm.annotation.RelationshipEntity (preferred), or consider extending one of the following types with your repository: org.springframework.data.neo4j.repository.Neo4jRepository.
2020-07-22 10:37:15.837  INFO 3264 --- [main] .RepositoryConfigurationExtensionSupport : Spring Data Neo4j - Could not safely identify store assignment for repository candidate interface com.cargohub.repository.TransporterRepository. If you want this repository to be a Neo4j repository, consider annotating your entities with one of these annotations: org.neo4j.ogm.annotation.NodeEntity, org.neo4j.ogm.annotation.RelationshipEntity (preferred), or consider extending one of the following types with your repository: org.springframework.data.neo4j.repository.Neo4jRepository.
2020-07-22 10:37:15.850  INFO 3264 --- [main] .s.d.r.c.RepositoryConfigurationDelegate : Finished Spring Data repository scanning in 64ms. Found 3 Neo4j repository interfaces.
2020-07-22 10:37:16.008  INFO 3264 --- [main] .s.d.r.c.RepositoryConfigurationDelegate : Multiple Spring Data modules found, entering strict repository configuration mode!
2020-07-22 10:37:16.008  INFO 3264 --- [main] .s.d.r.c.RepositoryConfigurationDelegate : Bootstrapping Spring Data JPA repositories in DEFAULT mode.
2020-07-22 10:37:16.053  INFO 3264 --- [main] .RepositoryConfigurationExtensionSupport : Spring Data JPA - Could not safely identify store assignment for repository candidate interface com.cargohub.repository.LocationRepository. If you want this repository to be a JPA repository, consider annotating your entities with one of these annotations: javax.persistence.Entity, javax.persistence.MappedSuperclass (preferred), or consider extending one of the following types with your repository: org.springframework.data.jpa.repository.JpaRepository.
2020-07-22 10:37:16.056  INFO 3264 --- [main] .RepositoryConfigurationExtensionSupport : Spring Data JPA - Could not safely identify store assignment for repository candidate interface com.cargohub.repository.RelationRepositoryNeo4j. If you want this repository to be a JPA repository, consider annotating your entities with one of these annotations: javax.persistence.Entity, javax.persistence.MappedSuperclass (preferred), or consider extending one of the following types with your repository: org.springframework.data.jpa.repository.JpaRepository.
2020-07-22 10:37:16.057  INFO 3264 --- [main] .RepositoryConfigurationExtensionSupport : Spring Data JPA - Could not safely identify store assignment for repository candidate interface com.cargohub.repository.RouteNeo4jRepository. If you want this repository to be a JPA repository, consider annotating your entities with one of these annotations: javax.persistence.Entity, javax.persistence.MappedSuperclass (preferred), or consider extending one of the following types with your repository: org.springframework.data.jpa.repository.JpaRepository.
2020-07-22 10:37:16.086  INFO 3264 --- [main] .s.d.r.c.RepositoryConfigurationDelegate : Finished Spring Data repository scanning in 72ms. Found 10 JPA repository interfaces.
2020-07-22 10:37:16.631  INFO 3264 --- [main] o.s.b.w.embedded.tomcat.TomcatWebServer  : Tomcat initialized with port(s): 9041 (http)
2020-07-22 10:37:16.641  INFO 3264 --- [main] o.apache.catalina.core.StandardService   : Starting service [Tomcat]
2020-07-22 10:37:16.641  INFO 3264 --- [main] org.apache.catalina.core.StandardEngine  : Starting Servlet engine: [Apache Tomcat/9.0.34]
2020-07-22 10:37:16.730  INFO 3264 --- [main] o.a.c.c.C.[Tomcat].[localhost].[/]       : Initializing Spring embedded WebApplicationContext
2020-07-22 10:37:16.730  INFO 3264 --- [main] o.s.web.context.ContextLoader            : Root WebApplicationContext: initialization completed in 1534 ms
2020-07-22 10:37:16.841  INFO 3264 --- [main] o.f.c.internal.license.VersionPrinter    : Flyway Community Edition 6.4.4 by Redgate
2020-07-22 10:37:17.004  INFO 3264 --- [main] o.f.c.internal.database.DatabaseFactory  : Database: jdbc:mysql://localhost:3306/cargo_transports (MySQL 5.7)
2020-07-22 10:37:17.047  INFO 3264 --- [main] o.f.core.internal.command.DbValidate     : Successfully validated 3 migrations (execution time 00:00.019s)
2020-07-22 10:37:17.062  INFO 3264 --- [main] o.f.c.i.s.JdbcTableSchemaHistory         : Creating Schema History table `cargo_transports`.`flyway_schema_history` ...
2020-07-22 10:37:17.147  INFO 3264 --- [main] o.f.core.internal.command.DbMigrate      : Current version of schema `cargo_transports`: << Empty Schema >>
2020-07-22 10:37:17.157  INFO 3264 --- [main] o.f.core.internal.command.DbMigrate      : Migrating schema `cargo_transports` to version 1 - init all tables
2020-07-22 10:37:17.587  INFO 3264 --- [main] o.f.core.internal.command.DbMigrate      : Migrating schema `cargo_transports` to version 2 - insert columns for CargoLoader
2020-07-22 10:37:17.923  INFO 3264 --- [main] o.f.core.internal.command.DbMigrate      : Migrating schema `cargo_transports` to version 3 - Testing data generating
2020-07-22 10:37:17.934  INFO 3264 --- [main] o.f.core.internal.command.DbMigrate      : Successfully applied 3 migrations to schema `cargo_transports` (execution time 00:00.791s)
2020-07-22 10:37:18.015  INFO 3264 --- [main] com.zaxxer.hikari.HikariDataSource       : HikariPool-1 - Starting...
2020-07-22 10:37:18.030  INFO 3264 --- [main] com.zaxxer.hikari.HikariDataSource       : HikariPool-1 - Start completed.
2020-07-22 10:37:18.097  INFO 3264 --- [main] o.hibernate.jpa.internal.util.LogHelper  : HHH000204: Processing PersistenceUnitInfo [name: default]
2020-07-22 10:37:18.208  INFO 3264 --- [main] org.hibernate.Version                    : HHH000412: Hibernate ORM core version 5.4.15.Final
2020-07-22 10:37:18.393  INFO 3264 --- [main] o.hibernate.annotations.common.Version   : HCANN000001: Hibernate Commons Annotations {5.1.0.Final}
2020-07-22 10:37:18.513  INFO 3264 --- [main] org.hibernate.dialect.Dialect            : HHH000400: Using dialect: org.hibernate.dialect.MySQL57Dialect
2020-07-22 10:37:19.225  INFO 3264 --- [main] o.h.e.t.j.p.i.JtaPlatformInitiator       : HHH000490: Using JtaPlatform implementation: [org.hibernate.engine.transaction.jta.platform.internal.NoJtaPlatform]
2020-07-22 10:37:19.230  INFO 3264 --- [main] j.LocalContainerEntityManagerFactoryBean : Initialized JPA EntityManagerFactory for persistence unit 'default'
2020-07-22 10:37:19.993  INFO 3264 --- [main] org.neo4j.ogm.metadata.DomainInfo        : Starting Post-processing phase
2020-07-22 10:37:19.994  INFO 3264 --- [main] org.neo4j.ogm.metadata.DomainInfo        : Building byLabel lookup maps
2020-07-22 10:37:19.994  INFO 3264 --- [main] org.neo4j.ogm.metadata.DomainInfo        : Building interface class map for 122 classes
2020-07-22 10:37:20.009  INFO 3264 --- [main] org.neo4j.ogm.metadata.DomainInfo        : Post-processing complete
2020-07-22 10:37:20.049  INFO 3264 --- [main] o.s.d.neo4j.mapping.Neo4jMappingContext  : No class information found in OGM meta-data for class javafx.application.HostServices so treating as simple type for SD Commons
2020-07-22 10:37:20.058  WARN 3264 --- [main] o.s.d.n.mapping.Neo4jPersistentProperty  : Owning ClassInfo is null for property: org.apache.commons.logging.Log.fatalEnabled
2020-07-22 10:37:20.059  WARN 3264 --- [main] o.s.d.n.mapping.Neo4jPersistentProperty  : Owning ClassInfo is null for property: org.apache.commons.logging.Log.errorEnabled
2020-07-22 10:37:20.059  WARN 3264 --- [main] o.s.d.n.mapping.Neo4jPersistentProperty  : Owning ClassInfo is null for property: org.apache.commons.logging.Log.infoEnabled
2020-07-22 10:37:20.059  WARN 3264 --- [main] o.s.d.n.mapping.Neo4jPersistentProperty  : Owning ClassInfo is null for property: org.apache.commons.logging.Log.debugEnabled
2020-07-22 10:37:20.059  WARN 3264 --- [main] o.s.d.n.mapping.Neo4jPersistentProperty  : Owning ClassInfo is null for property: org.apache.commons.logging.Log.traceEnabled
2020-07-22 10:37:20.059  WARN 3264 --- [main] o.s.d.n.mapping.Neo4jPersistentProperty  : Owning ClassInfo is null for property: org.apache.commons.logging.Log.warnEnabled
2020-07-22 10:37:20.064  WARN 3264 --- [main] o.s.d.n.mapping.Neo4jPersistentProperty  : Owning ClassInfo is null for property: org.springframework.context.ApplicationContext.parent
2020-07-22 10:37:20.064  WARN 3264 --- [main] o.s.d.n.mapping.Neo4jPersistentProperty  : Owning ClassInfo is null for property: org.springframework.context.ApplicationContext.environment
2020-07-22 10:37:20.065  WARN 3264 --- [main] o.s.d.n.mapping.Neo4jPersistentProperty  : Owning ClassInfo is null for property: org.springframework.context.ApplicationContext.classLoader
2020-07-22 10:37:20.065  WARN 3264 --- [main] o.s.d.n.mapping.Neo4jPersistentProperty  : Owning ClassInfo is null for property: org.springframework.context.ApplicationContext.displayName
2020-07-22 10:37:20.065  WARN 3264 --- [main] o.s.d.n.mapping.Neo4jPersistentProperty  : Owning ClassInfo is null for property: org.springframework.context.ApplicationContext.startupDate
2020-07-22 10:37:20.065  WARN 3264 --- [main] o.s.d.n.mapping.Neo4jPersistentProperty  : Owning ClassInfo is null for property: org.springframework.context.ApplicationContext.beanDefinitionCount
2020-07-22 10:37:20.066  WARN 3264 --- [main] o.s.d.n.mapping.Neo4jPersistentProperty  : Owning ClassInfo is null for property: org.springframework.context.ApplicationContext.autowireCapableBeanFactory
2020-07-22 10:37:20.066  WARN 3264 --- [main] o.s.d.n.mapping.Neo4jPersistentProperty  : Owning ClassInfo is null for property: org.springframework.context.ApplicationContext.beanDefinitionNames
2020-07-22 10:37:20.066  WARN 3264 --- [main] o.s.d.n.mapping.Neo4jPersistentProperty  : Owning ClassInfo is null for property: org.springframework.context.ApplicationContext.parentBeanFactory
2020-07-22 10:37:20.066  WARN 3264 --- [main] o.s.d.n.mapping.Neo4jPersistentProperty  : Owning ClassInfo is null for property: org.springframework.context.ApplicationContext.id
2020-07-22 10:37:20.066  WARN 3264 --- [main] o.s.d.n.mapping.Neo4jPersistentProperty  : Owning ClassInfo is null for property: org.springframework.context.ApplicationContext.applicationName
2020-07-22 10:37:20.068  INFO 3264 --- [main] o.s.d.neo4j.mapping.Neo4jMappingContext  : No class information found in OGM meta-data for class org.springframework.security.config.annotation.authentication.configuration.AuthenticationConfiguration so treating as simple type for SD Commons
2020-07-22 10:37:20.069  INFO 3264 --- [main] o.s.d.neo4j.mapping.Neo4jMappingContext  : No class information found in OGM meta-data for class org.springframework.security.config.annotation.authentication.builders.AuthenticationManagerBuilder so treating as simple type for SD Commons
2020-07-22 10:37:20.072  INFO 3264 --- [main] o.s.d.neo4j.mapping.Neo4jMappingContext  : No class information found in OGM meta-data for class org.springframework.security.config.annotation.web.builders.HttpSecurity so treating as simple type for SD Commons
2020-07-22 10:37:20.111  WARN 3264 --- [main] o.s.d.n.mapping.Neo4jPersistentProperty  : Owning ClassInfo is null for property: org.springframework.core.env.Environment.defaultProfiles
2020-07-22 10:37:20.111  WARN 3264 --- [main] o.s.d.n.mapping.Neo4jPersistentProperty  : Owning ClassInfo is null for property: org.springframework.core.env.Environment.activeProfiles
2020-07-22 10:37:20.113  WARN 3264 --- [main] o.s.d.n.mapping.Neo4jPersistentProperty  : Owning ClassInfo is null for property: javax.servlet.ServletContext.initParameterNames
2020-07-22 10:37:20.114  WARN 3264 --- [main] o.s.d.n.mapping.Neo4jPersistentProperty  : Owning ClassInfo is null for property: javax.servlet.ServletContext.virtualServerName
2020-07-22 10:37:20.114  WARN 3264 --- [main] o.s.d.n.mapping.Neo4jPersistentProperty  : Owning ClassInfo is null for property: javax.servlet.ServletContext.classLoader
2020-07-22 10:37:20.114  WARN 3264 --- [main] o.s.d.n.mapping.Neo4jPersistentProperty  : Owning ClassInfo is null for property: javax.servlet.ServletContext.filterRegistrations
2020-07-22 10:37:20.114  WARN 3264 --- [main] o.s.d.n.mapping.Neo4jPersistentProperty  : Owning ClassInfo is null for property: javax.servlet.ServletContext.servletNames
2020-07-22 10:37:20.114  WARN 3264 --- [main] o.s.d.n.mapping.Neo4jPersistentProperty  : Owning ClassInfo is null for property: javax.servlet.ServletContext.sessionTrackingModes
2020-07-22 10:37:20.114  WARN 3264 --- [main] o.s.d.n.mapping.Neo4jPersistentProperty  : Owning ClassInfo is null for property: javax.servlet.ServletContext.contextPath
2020-07-22 10:37:20.114  WARN 3264 --- [main] o.s.d.n.mapping.Neo4jPersistentProperty  : Owning ClassInfo is null for property: javax.servlet.ServletContext.defaultSessionTrackingModes
2020-07-22 10:37:20.114  WARN 3264 --- [main] o.s.d.n.mapping.Neo4jPersistentProperty  : Owning ClassInfo is null for property: javax.servlet.ServletContext.majorVersion
2020-07-22 10:37:20.115  WARN 3264 --- [main] o.s.d.n.mapping.Neo4jPersistentProperty  : Owning ClassInfo is null for property: javax.servlet.ServletContext.effectiveMinorVersion
2020-07-22 10:37:20.115  WARN 3264 --- [main] o.s.d.n.mapping.Neo4jPersistentProperty  : Owning ClassInfo is null for property: javax.servlet.ServletContext.sessionCookieConfig
2020-07-22 10:37:20.115  WARN 3264 --- [main] o.s.d.n.mapping.Neo4jPersistentProperty  : Owning ClassInfo is null for property: javax.servlet.ServletContext.effectiveSessionTrackingModes
2020-07-22 10:37:20.115  WARN 3264 --- [main] o.s.d.n.mapping.Neo4jPersistentProperty  : Owning ClassInfo is null for property: javax.servlet.ServletContext.attributeNames
2020-07-22 10:37:20.115  WARN 3264 --- [main] o.s.d.n.mapping.Neo4jPersistentProperty  : Owning ClassInfo is null for property: javax.servlet.ServletContext.serverInfo
2020-07-22 10:37:20.115  WARN 3264 --- [main] o.s.d.n.mapping.Neo4jPersistentProperty  : Owning ClassInfo is null for property: javax.servlet.ServletContext.servletRegistrations
2020-07-22 10:37:20.115  WARN 3264 --- [main] o.s.d.n.mapping.Neo4jPersistentProperty  : Owning ClassInfo is null for property: javax.servlet.ServletContext.jspConfigDescriptor
2020-07-22 10:37:20.116  WARN 3264 --- [main] o.s.d.n.mapping.Neo4jPersistentProperty  : Owning ClassInfo is null for property: javax.servlet.ServletContext.servlets
2020-07-22 10:37:20.116  WARN 3264 --- [main] o.s.d.n.mapping.Neo4jPersistentProperty  : Owning ClassInfo is null for property: javax.servlet.ServletContext.requestCharacterEncoding
2020-07-22 10:37:20.116  WARN 3264 --- [main] o.s.d.n.mapping.Neo4jPersistentProperty  : Owning ClassInfo is null for property: javax.servlet.ServletContext.responseCharacterEncoding
2020-07-22 10:37:20.116  WARN 3264 --- [main] o.s.d.n.mapping.Neo4jPersistentProperty  : Owning ClassInfo is null for property: javax.servlet.ServletContext.sessionTimeout
2020-07-22 10:37:20.116  WARN 3264 --- [main] o.s.d.n.mapping.Neo4jPersistentProperty  : Owning ClassInfo is null for property: javax.servlet.ServletContext.minorVersion
2020-07-22 10:37:20.116  WARN 3264 --- [main] o.s.d.n.mapping.Neo4jPersistentProperty  : Owning ClassInfo is null for property: javax.servlet.ServletContext.servletContextName
2020-07-22 10:37:20.116  WARN 3264 --- [main] o.s.d.n.mapping.Neo4jPersistentProperty  : Owning ClassInfo is null for property: javax.servlet.ServletContext.effectiveMajorVersion
2020-07-22 10:37:20.118  WARN 3264 --- [main] o.s.d.n.mapping.Neo4jPersistentProperty  : Owning ClassInfo is null for property: javax.servlet.FilterConfig.initParameterNames
2020-07-22 10:37:20.118  WARN 3264 --- [main] o.s.d.n.mapping.Neo4jPersistentProperty  : Owning ClassInfo is null for property: javax.servlet.FilterConfig.servletContext
2020-07-22 10:37:20.118  WARN 3264 --- [main] o.s.d.n.mapping.Neo4jPersistentProperty  : Owning ClassInfo is null for property: javax.servlet.FilterConfig.filterName
2020-07-22 10:37:20.158  INFO 3264 --- [main] o.s.d.neo4j.mapping.Neo4jMappingContext  : No class information found in OGM meta-data for class [[I so treating as simple type for SD Commons
2020-07-22 10:37:20.182  INFO 3264 --- [main] o.s.d.neo4j.mapping.Neo4jMappingContext  : Neo4jMappingContext initialisation completed
2020-07-22 10:37:20.291  WARN 3264 --- [main] JpaBaseConfiguration$JpaWebConfiguration : spring.jpa.open-in-view is enabled by default. Therefore, database queries may be performed during view rendering. Explicitly configure spring.jpa.open-in-view to disable this warning
2020-07-22 10:37:20.293  WARN 3264 --- [main] aAutoConfiguration$Neo4jWebConfiguration : spring.data.neo4j.open-in-view is enabled by default.Therefore, database queries may be performed during view rendering. Explicitly configure spring.data.neo4j.open-in-view to disable this warning
2020-07-22 10:37:20.383  INFO 3264 --- [main] .s.s.UserDetailsServiceAutoConfiguration : 

Using generated security password: e3c585cf-5712-4e1e-a133-65612224ab6a

2020-07-22 10:37:20.465  INFO 3264 --- [main] o.s.s.web.DefaultSecurityFilterChain     : Creating filter chain: any request, [org.springframework.security.web.context.request.async.WebAsyncManagerIntegrationFilter@59cb10e0, org.springframework.security.web.context.SecurityContextPersistenceFilter@64f2b1b4, org.springframework.security.web.header.HeaderWriterFilter@52667676, org.springframework.web.filter.CorsFilter@3d763ae5, org.springframework.security.web.authentication.logout.LogoutFilter@5d782a4a, com.cargohub.security.jwt.JwtTokenAuthenticationFilter@2dfab167, org.springframework.security.web.savedrequest.RequestCacheAwareFilter@4b808427, org.springframework.security.web.servletapi.SecurityContextHolderAwareRequestFilter@445b4594, org.springframework.security.web.authentication.AnonymousAuthenticationFilter@30eee098, org.springframework.security.web.session.SessionManagementFilter@feab3ae, org.springframework.security.web.access.ExceptionTranslationFilter@1f6d3a81, org.springframework.security.web.access.intercept.FilterSecurityInterceptor@4244e477]
2020-07-22 10:37:20.583  INFO 3264 --- [main] o.s.s.concurrent.ThreadPoolTaskExecutor  : Initializing ExecutorService 'applicationTaskExecutor'
2020-07-22 10:37:20.788  INFO 3264 --- [main] o.s.b.w.embedded.tomcat.TomcatWebServer  : Tomcat started on port(s): 9041 (http) with context path ''
2020-07-22 10:37:20.790  INFO 3264 --- [main] com.cargohub.AlgorithmMasterDbApp        : Started AlgorithmMasterDbApp in 5.986 seconds (JVM running for 6.77)
2020-07-22 10:48:12.607  INFO 3264 --- [http-nio-9041-exec-1] o.a.c.c.C.[Tomcat].[localhost].[/]       : Initializing Spring DispatcherServlet 'dispatcherServlet'
2020-07-22 10:48:12.608  INFO 3264 --- [http-nio-9041-exec-1] o.s.web.servlet.DispatcherServlet        : Initializing Servlet 'dispatcherServlet'
2020-07-22 10:48:12.615  INFO 3264 --- [http-nio-9041-exec-1] o.s.web.servlet.DispatcherServlet        : Completed initialization in 7 ms
2020-07-22 10:48:12.976  INFO 3264 --- [http-nio-9041-exec-1] Driver                                   : Direct driver instance 1334658738 created for server address localhost:7687
2020-07-22 10:48:14.171 ERROR 3264 --- [http-nio-9041-exec-1] o.a.c.c.C.[.[.[/].[dispatcherServlet]    : Servlet.service() for servlet [dispatcherServlet] in context with path [] threw exception [Request processing failed; nested exception is org.springframework.dao.DataAccessResourceFailureException: Could not create driver instance; nested exception is org.neo4j.ogm.exception.ConnectionException: Could not create driver instance] with root cause

java.net.ConnectException: Connection refused: no further information
	at java.base/sun.nio.ch.SocketChannelImpl.checkConnect(Native Method) ~[na:na]
	at java.base/sun.nio.ch.SocketChannelImpl.finishConnect(SocketChannelImpl.java:779) ~[na:na]
	at org.neo4j.driver.internal.shaded.io.netty.channel.socket.nio.NioSocketChannel.doFinishConnect(NioSocketChannel.java:330) ~[neo4j-java-driver-4.0.1.jar:4.0.1-979f102fbfd27e6393f672da8c7d59f6fabbbe0e]
	at org.neo4j.driver.internal.shaded.io.netty.channel.nio.AbstractNioChannel$AbstractNioUnsafe.finishConnect(AbstractNioChannel.java:334) ~[neo4j-java-driver-4.0.1.jar:4.0.1-979f102fbfd27e6393f672da8c7d59f6fabbbe0e]
	at org.neo4j.driver.internal.shaded.io.netty.channel.nio.NioEventLoop.processSelectedKey(NioEventLoop.java:702) ~[neo4j-java-driver-4.0.1.jar:4.0.1-979f102fbfd27e6393f672da8c7d59f6fabbbe0e]
	at org.neo4j.driver.internal.shaded.io.netty.channel.nio.NioEventLoop.processSelectedKeysOptimized(NioEventLoop.java:650) ~[neo4j-java-driver-4.0.1.jar:4.0.1-979f102fbfd27e6393f672da8c7d59f6fabbbe0e]
	at org.neo4j.driver.internal.shaded.io.netty.channel.nio.NioEventLoop.processSelectedKeys(NioEventLoop.java:576) ~[neo4j-java-driver-4.0.1.jar:4.0.1-979f102fbfd27e6393f672da8c7d59f6fabbbe0e]
	at org.neo4j.driver.internal.shaded.io.netty.channel.nio.NioEventLoop.run(NioEventLoop.java:493) ~[neo4j-java-driver-4.0.1.jar:4.0.1-979f102fbfd27e6393f672da8c7d59f6fabbbe0e]
	at org.neo4j.driver.internal.shaded.io.netty.util.concurrent.SingleThreadEventExecutor$4.run(SingleThreadEventExecutor.java:989) ~[neo4j-java-driver-4.0.1.jar:4.0.1-979f102fbfd27e6393f672da8c7d59f6fabbbe0e]
	at org.neo4j.driver.internal.shaded.io.netty.util.internal.ThreadExecutorMap$2.run(ThreadExecutorMap.java:74) ~[neo4j-java-driver-4.0.1.jar:4.0.1-979f102fbfd27e6393f672da8c7d59f6fabbbe0e]
	at org.neo4j.driver.internal.shaded.io.netty.util.concurrent.FastThreadLocalRunnable.run(FastThreadLocalRunnable.java:30) ~[neo4j-java-driver-4.0.1.jar:4.0.1-979f102fbfd27e6393f672da8c7d59f6fabbbe0e]
	at java.base/java.lang.Thread.run(Thread.java:834) ~[na:na]

2020-07-22 11:19:12.119  INFO 22276 --- [main] com.cargohub.AlgorithmMasterDbApp        : Starting AlgorithmMasterDbApp on DESKTOP-6M3SM08 with PID 22276 (C:\Users\SvampX\IdeaProjects\AlgorithmMasterDB\target\classes started by SvampX in C:\Users\SvampX\IdeaProjects\AlgorithmMasterDB)
2020-07-22 11:19:12.121  INFO 22276 --- [main] com.cargohub.AlgorithmMasterDbApp        : No active profile set, falling back to default profiles: default
2020-07-22 11:19:12.579  INFO 22276 --- [main] .s.d.r.c.RepositoryConfigurationDelegate : Multiple Spring Data modules found, entering strict repository configuration mode!
2020-07-22 11:19:12.580  INFO 22276 --- [main] .s.d.r.c.RepositoryConfigurationDelegate : Bootstrapping Spring Data Neo4j repositories in DEFAULT mode.
2020-07-22 11:19:12.606  INFO 22276 --- [main] .RepositoryConfigurationExtensionSupport : Spring Data Neo4j - Could not safely identify store assignment for repository candidate interface com.cargohub.repository.CargoPositionRepository. If you want this repository to be a Neo4j repository, consider annotating your entities with one of these annotations: org.neo4j.ogm.annotation.NodeEntity, org.neo4j.ogm.annotation.RelationshipEntity (preferred), or consider extending one of the following types with your repository: org.springframework.data.neo4j.repository.Neo4jRepository.
2020-07-22 11:19:12.608  INFO 22276 --- [main] .RepositoryConfigurationExtensionSupport : Spring Data Neo4j - Could not safely identify store assignment for repository candidate interface com.cargohub.repository.CargoRepository. If you want this repository to be a Neo4j repository, consider annotating your entities with one of these annotations: org.neo4j.ogm.annotation.NodeEntity, org.neo4j.ogm.annotation.RelationshipEntity (preferred), or consider extending one of the following types with your repository: org.springframework.data.neo4j.repository.Neo4jRepository.
2020-07-22 11:19:12.608  INFO 22276 --- [main] .RepositoryConfigurationExtensionSupport : Spring Data Neo4j - Could not safely identify store assignment for repository candidate interface com.cargohub.repository.CarrierCompartmentRepository. If you want this repository to be a Neo4j repository, consider annotating your entities with one of these annotations: org.neo4j.ogm.annotation.NodeEntity, org.neo4j.ogm.annotation.RelationshipEntity (preferred), or consider extending one of the following types with your repository: org.springframework.data.neo4j.repository.Neo4jRepository.
2020-07-22 11:19:12.609  INFO 22276 --- [main] .RepositoryConfigurationExtensionSupport : Spring Data Neo4j - Could not safely identify store assignment for repository candidate interface com.cargohub.repository.DimensionsRepository. If you want this repository to be a Neo4j repository, consider annotating your entities with one of these annotations: org.neo4j.ogm.annotation.NodeEntity, org.neo4j.ogm.annotation.RelationshipEntity (preferred), or consider extending one of the following types with your repository: org.springframework.data.neo4j.repository.Neo4jRepository.
2020-07-22 11:19:12.610  INFO 22276 --- [main] .RepositoryConfigurationExtensionSupport : Spring Data Neo4j - Could not safely identify store assignment for repository candidate interface com.cargohub.repository.HubRepository. If you want this repository to be a Neo4j repository, consider annotating your entities with one of these annotations: org.neo4j.ogm.annotation.NodeEntity, org.neo4j.ogm.annotation.RelationshipEntity (preferred), or consider extending one of the following types with your repository: org.springframework.data.neo4j.repository.Neo4jRepository.
2020-07-22 11:19:12.617  INFO 22276 --- [main] .RepositoryConfigurationExtensionSupport : Spring Data Neo4j - Could not safely identify store assignment for repository candidate interface com.cargohub.repository.OrderRepository. If you want this repository to be a Neo4j repository, consider annotating your entities with one of these annotations: org.neo4j.ogm.annotation.NodeEntity, org.neo4j.ogm.annotation.RelationshipEntity (preferred), or consider extending one of the following types with your repository: org.springframework.data.neo4j.repository.Neo4jRepository.
2020-07-22 11:19:12.618  INFO 22276 --- [main] .RepositoryConfigurationExtensionSupport : Spring Data Neo4j - Could not safely identify store assignment for repository candidate interface com.cargohub.repository.RelationRepository. If you want this repository to be a Neo4j repository, consider annotating your entities with one of these annotations: org.neo4j.ogm.annotation.NodeEntity, org.neo4j.ogm.annotation.RelationshipEntity (preferred), or consider extending one of the following types with your repository: org.springframework.data.neo4j.repository.Neo4jRepository.
2020-07-22 11:19:12.621  INFO 22276 --- [main] .RepositoryConfigurationExtensionSupport : Spring Data Neo4j - Could not safely identify store assignment for repository candidate interface com.cargohub.repository.RouteRepository. If you want this repository to be a Neo4j repository, consider annotating your entities with one of these annotations: org.neo4j.ogm.annotation.NodeEntity, org.neo4j.ogm.annotation.RelationshipEntity (preferred), or consider extending one of the following types with your repository: org.springframework.data.neo4j.repository.Neo4jRepository.
2020-07-22 11:19:12.623  INFO 22276 --- [main] .RepositoryConfigurationExtensionSupport : Spring Data Neo4j - Could not safely identify store assignment for repository candidate interface com.cargohub.repository.TransportDetailsRepository. If you want this repository to be a Neo4j repository, consider annotating your entities with one of these annotations: org.neo4j.ogm.annotation.NodeEntity, org.neo4j.ogm.annotation.RelationshipEntity (preferred), or consider extending one of the following types with your repository: org.springframework.data.neo4j.repository.Neo4jRepository.
2020-07-22 11:19:12.624  INFO 22276 --- [main] .RepositoryConfigurationExtensionSupport : Spring Data Neo4j - Could not safely identify store assignment for repository candidate interface com.cargohub.repository.TransporterRepository. If you want this repository to be a Neo4j repository, consider annotating your entities with one of these annotations: org.neo4j.ogm.annotation.NodeEntity, org.neo4j.ogm.annotation.RelationshipEntity (preferred), or consider extending one of the following types with your repository: org.springframework.data.neo4j.repository.Neo4jRepository.
2020-07-22 11:19:12.635  INFO 22276 --- [main] .s.d.r.c.RepositoryConfigurationDelegate : Finished Spring Data repository scanning in 48ms. Found 3 Neo4j repository interfaces.
2020-07-22 11:19:12.737  INFO 22276 --- [main] .s.d.r.c.RepositoryConfigurationDelegate : Multiple Spring Data modules found, entering strict repository configuration mode!
2020-07-22 11:19:12.738  INFO 22276 --- [main] .s.d.r.c.RepositoryConfigurationDelegate : Bootstrapping Spring Data JPA repositories in DEFAULT mode.
2020-07-22 11:19:12.774  INFO 22276 --- [main] .RepositoryConfigurationExtensionSupport : Spring Data JPA - Could not safely identify store assignment for repository candidate interface com.cargohub.repository.LocationRepository. If you want this repository to be a JPA repository, consider annotating your entities with one of these annotations: javax.persistence.Entity, javax.persistence.MappedSuperclass (preferred), or consider extending one of the following types with your repository: org.springframework.data.jpa.repository.JpaRepository.
2020-07-22 11:19:12.778  INFO 22276 --- [main] .RepositoryConfigurationExtensionSupport : Spring Data JPA - Could not safely identify store assignment for repository candidate interface com.cargohub.repository.RelationRepositoryNeo4j. If you want this repository to be a JPA repository, consider annotating your entities with one of these annotations: javax.persistence.Entity, javax.persistence.MappedSuperclass (preferred), or consider extending one of the following types with your repository: org.springframework.data.jpa.repository.JpaRepository.
2020-07-22 11:19:12.779  INFO 22276 --- [main] .RepositoryConfigurationExtensionSupport : Spring Data JPA - Could not safely identify store assignment for repository candidate interface com.cargohub.repository.RouteNeo4jRepository. If you want this repository to be a JPA repository, consider annotating your entities with one of these annotations: javax.persistence.Entity, javax.persistence.MappedSuperclass (preferred), or consider extending one of the following types with your repository: org.springframework.data.jpa.repository.JpaRepository.
2020-07-22 11:19:12.810  INFO 22276 --- [main] .s.d.r.c.RepositoryConfigurationDelegate : Finished Spring Data repository scanning in 69ms. Found 10 JPA repository interfaces.
2020-07-22 11:19:13.229  INFO 22276 --- [main] o.s.b.w.embedded.tomcat.TomcatWebServer  : Tomcat initialized with port(s): 9041 (http)
2020-07-22 11:19:13.235  INFO 22276 --- [main] o.apache.catalina.core.StandardService   : Starting service [Tomcat]
2020-07-22 11:19:13.235  INFO 22276 --- [main] org.apache.catalina.core.StandardEngine  : Starting Servlet engine: [Apache Tomcat/9.0.34]
2020-07-22 11:19:13.328  INFO 22276 --- [main] o.a.c.c.C.[Tomcat].[localhost].[/]       : Initializing Spring embedded WebApplicationContext
2020-07-22 11:19:13.328  INFO 22276 --- [main] o.s.web.context.ContextLoader            : Root WebApplicationContext: initialization completed in 1171 ms
2020-07-22 11:19:13.411  INFO 22276 --- [main] o.f.c.internal.license.VersionPrinter    : Flyway Community Edition 6.4.4 by Redgate
2020-07-22 11:19:13.503  INFO 22276 --- [main] o.f.c.internal.database.DatabaseFactory  : Database: jdbc:mysql://localhost:3306/cargo_transports (MySQL 5.7)
2020-07-22 11:19:13.536  INFO 22276 --- [main] o.f.core.internal.command.DbValidate     : Successfully validated 3 migrations (execution time 00:00.018s)
2020-07-22 11:19:13.543  INFO 22276 --- [main] o.f.core.internal.command.DbMigrate      : Current version of schema `cargo_transports`: 3
2020-07-22 11:19:13.544  INFO 22276 --- [main] o.f.core.internal.command.DbMigrate      : Schema `cargo_transports` is up to date. No migration necessary.
2020-07-22 11:19:13.577  INFO 22276 --- [main] com.zaxxer.hikari.HikariDataSource       : HikariPool-1 - Starting...
2020-07-22 11:19:13.588  INFO 22276 --- [main] com.zaxxer.hikari.HikariDataSource       : HikariPool-1 - Start completed.
2020-07-22 11:19:13.629  INFO 22276 --- [main] o.hibernate.jpa.internal.util.LogHelper  : HHH000204: Processing PersistenceUnitInfo [name: default]
2020-07-22 11:19:13.657  INFO 22276 --- [main] org.hibernate.Version                    : HHH000412: Hibernate ORM core version 5.4.15.Final
2020-07-22 11:19:13.731  INFO 22276 --- [main] o.hibernate.annotations.common.Version   : HCANN000001: Hibernate Commons Annotations {5.1.0.Final}
2020-07-22 11:19:13.801  INFO 22276 --- [main] org.hibernate.dialect.Dialect            : HHH000400: Using dialect: org.hibernate.dialect.MySQL57Dialect
2020-07-22 11:19:14.283  INFO 22276 --- [main] o.h.e.t.j.p.i.JtaPlatformInitiator       : HHH000490: Using JtaPlatform implementation: [org.hibernate.engine.transaction.jta.platform.internal.NoJtaPlatform]
2020-07-22 11:19:14.288  INFO 22276 --- [main] j.LocalContainerEntityManagerFactoryBean : Initialized JPA EntityManagerFactory for persistence unit 'default'
2020-07-22 11:19:14.811  INFO 22276 --- [main] org.neo4j.ogm.metadata.DomainInfo        : Starting Post-processing phase
2020-07-22 11:19:14.811  INFO 22276 --- [main] org.neo4j.ogm.metadata.DomainInfo        : Building byLabel lookup maps
2020-07-22 11:19:14.811  INFO 22276 --- [main] org.neo4j.ogm.metadata.DomainInfo        : Building interface class map for 122 classes
2020-07-22 11:19:14.824  INFO 22276 --- [main] org.neo4j.ogm.metadata.DomainInfo        : Post-processing complete
2020-07-22 11:19:14.859  INFO 22276 --- [main] o.s.d.neo4j.mapping.Neo4jMappingContext  : No class information found in OGM meta-data for class javafx.application.HostServices so treating as simple type for SD Commons
2020-07-22 11:19:14.868  WARN 22276 --- [main] o.s.d.n.mapping.Neo4jPersistentProperty  : Owning ClassInfo is null for property: org.apache.commons.logging.Log.fatalEnabled
2020-07-22 11:19:14.869  WARN 22276 --- [main] o.s.d.n.mapping.Neo4jPersistentProperty  : Owning ClassInfo is null for property: org.apache.commons.logging.Log.errorEnabled
2020-07-22 11:19:14.869  WARN 22276 --- [main] o.s.d.n.mapping.Neo4jPersistentProperty  : Owning ClassInfo is null for property: org.apache.commons.logging.Log.infoEnabled
2020-07-22 11:19:14.869  WARN 22276 --- [main] o.s.d.n.mapping.Neo4jPersistentProperty  : Owning ClassInfo is null for property: org.apache.commons.logging.Log.debugEnabled
2020-07-22 11:19:14.869  WARN 22276 --- [main] o.s.d.n.mapping.Neo4jPersistentProperty  : Owning ClassInfo is null for property: org.apache.commons.logging.Log.traceEnabled
2020-07-22 11:19:14.869  WARN 22276 --- [main] o.s.d.n.mapping.Neo4jPersistentProperty  : Owning ClassInfo is null for property: org.apache.commons.logging.Log.warnEnabled
2020-07-22 11:19:14.874  WARN 22276 --- [main] o.s.d.n.mapping.Neo4jPersistentProperty  : Owning ClassInfo is null for property: org.springframework.context.ApplicationContext.parent
2020-07-22 11:19:14.874  WARN 22276 --- [main] o.s.d.n.mapping.Neo4jPersistentProperty  : Owning ClassInfo is null for property: org.springframework.context.ApplicationContext.environment
2020-07-22 11:19:14.875  WARN 22276 --- [main] o.s.d.n.mapping.Neo4jPersistentProperty  : Owning ClassInfo is null for property: org.springframework.context.ApplicationContext.classLoader
2020-07-22 11:19:14.875  WARN 22276 --- [main] o.s.d.n.mapping.Neo4jPersistentProperty  : Owning ClassInfo is null for property: org.springframework.context.ApplicationContext.displayName
2020-07-22 11:19:14.875  WARN 22276 --- [main] o.s.d.n.mapping.Neo4jPersistentProperty  : Owning ClassInfo is null for property: org.springframework.context.ApplicationContext.startupDate
2020-07-22 11:19:14.875  WARN 22276 --- [main] o.s.d.n.mapping.Neo4jPersistentProperty  : Owning ClassInfo is null for property: org.springframework.context.ApplicationContext.beanDefinitionCount
2020-07-22 11:19:14.875  WARN 22276 --- [main] o.s.d.n.mapping.Neo4jPersistentProperty  : Owning ClassInfo is null for property: org.springframework.context.ApplicationContext.autowireCapableBeanFactory
2020-07-22 11:19:14.875  WARN 22276 --- [main] o.s.d.n.mapping.Neo4jPersistentProperty  : Owning ClassInfo is null for property: org.springframework.context.ApplicationContext.beanDefinitionNames
2020-07-22 11:19:14.876  WARN 22276 --- [main] o.s.d.n.mapping.Neo4jPersistentProperty  : Owning ClassInfo is null for property: org.springframework.context.ApplicationContext.parentBeanFactory
2020-07-22 11:19:14.876  WARN 22276 --- [main] o.s.d.n.mapping.Neo4jPersistentProperty  : Owning ClassInfo is null for property: org.springframework.context.ApplicationContext.id
2020-07-22 11:19:14.876  WARN 22276 --- [main] o.s.d.n.mapping.Neo4jPersistentProperty  : Owning ClassInfo is null for property: org.springframework.context.ApplicationContext.applicationName
2020-07-22 11:19:14.878  INFO 22276 --- [main] o.s.d.neo4j.mapping.Neo4jMappingContext  : No class information found in OGM meta-data for class org.springframework.security.config.annotation.authentication.configuration.AuthenticationConfiguration so treating as simple type for SD Commons
2020-07-22 11:19:14.878  INFO 22276 --- [main] o.s.d.neo4j.mapping.Neo4jMappingContext  : No class information found in OGM meta-data for class org.springframework.security.config.annotation.authentication.builders.AuthenticationManagerBuilder so treating as simple type for SD Commons
2020-07-22 11:19:14.880  INFO 22276 --- [main] o.s.d.neo4j.mapping.Neo4jMappingContext  : No class information found in OGM meta-data for class org.springframework.security.config.annotation.web.builders.HttpSecurity so treating as simple type for SD Commons
2020-07-22 11:19:14.920  WARN 22276 --- [main] o.s.d.n.mapping.Neo4jPersistentProperty  : Owning ClassInfo is null for property: org.springframework.core.env.Environment.defaultProfiles
2020-07-22 11:19:14.921  WARN 22276 --- [main] o.s.d.n.mapping.Neo4jPersistentProperty  : Owning ClassInfo is null for property: org.springframework.core.env.Environment.activeProfiles
2020-07-22 11:19:14.923  WARN 22276 --- [main] o.s.d.n.mapping.Neo4jPersistentProperty  : Owning ClassInfo is null for property: javax.servlet.ServletContext.initParameterNames
2020-07-22 11:19:14.923  WARN 22276 --- [main] o.s.d.n.mapping.Neo4jPersistentProperty  : Owning ClassInfo is null for property: javax.servlet.ServletContext.virtualServerName
2020-07-22 11:19:14.924  WARN 22276 --- [main] o.s.d.n.mapping.Neo4jPersistentProperty  : Owning ClassInfo is null for property: javax.servlet.ServletContext.classLoader
2020-07-22 11:19:14.924  WARN 22276 --- [main] o.s.d.n.mapping.Neo4jPersistentProperty  : Owning ClassInfo is null for property: javax.servlet.ServletContext.filterRegistrations
2020-07-22 11:19:14.924  WARN 22276 --- [main] o.s.d.n.mapping.Neo4jPersistentProperty  : Owning ClassInfo is null for property: javax.servlet.ServletContext.servletNames
2020-07-22 11:19:14.924  WARN 22276 --- [main] o.s.d.n.mapping.Neo4jPersistentProperty  : Owning ClassInfo is null for property: javax.servlet.ServletContext.sessionTrackingModes
2020-07-22 11:19:14.924  WARN 22276 --- [main] o.s.d.n.mapping.Neo4jPersistentProperty  : Owning ClassInfo is null for property: javax.servlet.ServletContext.contextPath
2020-07-22 11:19:14.924  WARN 22276 --- [main] o.s.d.n.mapping.Neo4jPersistentProperty  : Owning ClassInfo is null for property: javax.servlet.ServletContext.defaultSessionTrackingModes
2020-07-22 11:19:14.924  WARN 22276 --- [main] o.s.d.n.mapping.Neo4jPersistentProperty  : Owning ClassInfo is null for property: javax.servlet.ServletContext.majorVersion
2020-07-22 11:19:14.925  WARN 22276 --- [main] o.s.d.n.mapping.Neo4jPersistentProperty  : Owning ClassInfo is null for property: javax.servlet.ServletContext.effectiveMinorVersion
2020-07-22 11:19:14.925  WARN 22276 --- [main] o.s.d.n.mapping.Neo4jPersistentProperty  : Owning ClassInfo is null for property: javax.servlet.ServletContext.sessionCookieConfig
2020-07-22 11:19:14.925  WARN 22276 --- [main] o.s.d.n.mapping.Neo4jPersistentProperty  : Owning ClassInfo is null for property: javax.servlet.ServletContext.effectiveSessionTrackingModes
2020-07-22 11:19:14.925  WARN 22276 --- [main] o.s.d.n.mapping.Neo4jPersistentProperty  : Owning ClassInfo is null for property: javax.servlet.ServletContext.attributeNames
2020-07-22 11:19:14.926  WARN 22276 --- [main] o.s.d.n.mapping.Neo4jPersistentProperty  : Owning ClassInfo is null for property: javax.servlet.ServletContext.serverInfo
2020-07-22 11:19:14.926  WARN 22276 --- [main] o.s.d.n.mapping.Neo4jPersistentProperty  : Owning ClassInfo is null for property: javax.servlet.ServletContext.servletRegistrations
2020-07-22 11:19:14.926  WARN 22276 --- [main] o.s.d.n.mapping.Neo4jPersistentProperty  : Owning ClassInfo is null for property: javax.servlet.ServletContext.jspConfigDescriptor
2020-07-22 11:19:14.926  WARN 22276 --- [main] o.s.d.n.mapping.Neo4jPersistentProperty  : Owning ClassInfo is null for property: javax.servlet.ServletContext.servlets
2020-07-22 11:19:14.926  WARN 22276 --- [main] o.s.d.n.mapping.Neo4jPersistentProperty  : Owning ClassInfo is null for property: javax.servlet.ServletContext.requestCharacterEncoding
2020-07-22 11:19:14.926  WARN 22276 --- [main] o.s.d.n.mapping.Neo4jPersistentProperty  : Owning ClassInfo is null for property: javax.servlet.ServletContext.responseCharacterEncoding
2020-07-22 11:19:14.926  WARN 22276 --- [main] o.s.d.n.mapping.Neo4jPersistentProperty  : Owning ClassInfo is null for property: javax.servlet.ServletContext.sessionTimeout
2020-07-22 11:19:14.927  WARN 22276 --- [main] o.s.d.n.mapping.Neo4jPersistentProperty  : Owning ClassInfo is null for property: javax.servlet.ServletContext.minorVersion
2020-07-22 11:19:14.927  WARN 22276 --- [main] o.s.d.n.mapping.Neo4jPersistentProperty  : Owning ClassInfo is null for property: javax.servlet.ServletContext.servletContextName
2020-07-22 11:19:14.927  WARN 22276 --- [main] o.s.d.n.mapping.Neo4jPersistentProperty  : Owning ClassInfo is null for property: javax.servlet.ServletContext.effectiveMajorVersion
2020-07-22 11:19:14.928  WARN 22276 --- [main] o.s.d.n.mapping.Neo4jPersistentProperty  : Owning ClassInfo is null for property: javax.servlet.FilterConfig.initParameterNames
2020-07-22 11:19:14.929  WARN 22276 --- [main] o.s.d.n.mapping.Neo4jPersistentProperty  : Owning ClassInfo is null for property: javax.servlet.FilterConfig.servletContext
2020-07-22 11:19:14.929  WARN 22276 --- [main] o.s.d.n.mapping.Neo4jPersistentProperty  : Owning ClassInfo is null for property: javax.servlet.FilterConfig.filterName
2020-07-22 11:19:14.969  INFO 22276 --- [main] o.s.d.neo4j.mapping.Neo4jMappingContext  : No class information found in OGM meta-data for class [[I so treating as simple type for SD Commons
2020-07-22 11:19:14.992  INFO 22276 --- [main] o.s.d.neo4j.mapping.Neo4jMappingContext  : Neo4jMappingContext initialisation completed
2020-07-22 11:19:15.091  WARN 22276 --- [main] JpaBaseConfiguration$JpaWebConfiguration : spring.jpa.open-in-view is enabled by default. Therefore, database queries may be performed during view rendering. Explicitly configure spring.jpa.open-in-view to disable this warning
2020-07-22 11:19:15.095  WARN 22276 --- [main] aAutoConfiguration$Neo4jWebConfiguration : spring.data.neo4j.open-in-view is enabled by default.Therefore, database queries may be performed during view rendering. Explicitly configure spring.data.neo4j.open-in-view to disable this warning
2020-07-22 11:19:15.175  INFO 22276 --- [main] .s.s.UserDetailsServiceAutoConfiguration : 

Using generated security password: 8a223842-aa20-418e-9cfd-6f8940ae0d6c

2020-07-22 11:19:15.227  INFO 22276 --- [main] o.s.s.web.DefaultSecurityFilterChain     : Creating filter chain: any request, [org.springframework.security.web.context.request.async.WebAsyncManagerIntegrationFilter@8a7cd7c, org.springframework.security.web.context.SecurityContextPersistenceFilter@1d4e06bb, org.springframework.security.web.header.HeaderWriterFilter@2053b761, org.springframework.web.filter.CorsFilter@21f0cc97, org.springframework.security.web.authentication.logout.LogoutFilter@496c6d94, com.cargohub.security.jwt.JwtTokenAuthenticationFilter@1f6d3a81, org.springframework.security.web.savedrequest.RequestCacheAwareFilter@4529048e, org.springframework.security.web.servletapi.SecurityContextHolderAwareRequestFilter@524c3e54, org.springframework.security.web.authentication.AnonymousAuthenticationFilter@641c8ba4, org.springframework.security.web.session.SessionManagementFilter@64d1f549, org.springframework.security.web.access.ExceptionTranslationFilter@501b296a, org.springframework.security.web.access.intercept.FilterSecurityInterceptor@23d07ad3]
2020-07-22 11:19:15.316  INFO 22276 --- [main] o.s.s.concurrent.ThreadPoolTaskExecutor  : Initializing ExecutorService 'applicationTaskExecutor'
2020-07-22 11:19:15.481  INFO 22276 --- [main] o.s.b.w.embedded.tomcat.TomcatWebServer  : Tomcat started on port(s): 9041 (http) with context path ''
2020-07-22 11:19:15.482  INFO 22276 --- [main] com.cargohub.AlgorithmMasterDbApp        : Started AlgorithmMasterDbApp in 3.629 seconds (JVM running for 4.222)
2020-07-22 11:19:31.573  INFO 22276 --- [http-nio-9041-exec-2] o.a.c.c.C.[Tomcat].[localhost].[/]       : Initializing Spring DispatcherServlet 'dispatcherServlet'
2020-07-22 11:19:31.575  INFO 22276 --- [http-nio-9041-exec-2] o.s.web.servlet.DispatcherServlet        : Initializing Servlet 'dispatcherServlet'
2020-07-22 11:19:31.581  INFO 22276 --- [http-nio-9041-exec-2] o.s.web.servlet.DispatcherServlet        : Completed initialization in 6 ms
2020-07-22 11:19:31.774  INFO 22276 --- [http-nio-9041-exec-2] Driver                                   : Direct driver instance 211562906 created for server address localhost:7687
2020-07-22 11:19:52.687  INFO 22276 --- [Thread-2] c.c.cargoloader.LoadingServiceImpl       : <====================== D E M O ======================>
 Transporter 1 left Berlin on the way to Cologne
2020-07-22 11:19:54.903  INFO 22276 --- [Thread-3] c.c.cargoloader.LoadingServiceImpl       : <====================== D E M O ======================>
 Transporter 2 left Berlin on the way to Hamburg
2020-07-22 11:19:54.909  INFO 22276 --- [Thread-3] c.c.cargoloader.LoadingServiceImpl       : <====================== D E M O ======================>
 Transporter 2is being processed in Hamburg
2020-07-22 11:19:56.121  INFO 22276 --- [Thread-4] c.c.cargoloader.LoadingServiceImpl       : <====================== D E M O ======================>
 Transporter 3 left Berlin on the way to Munich
2020-07-22 11:19:57.123  INFO 22276 --- [Thread-5] c.c.cargoloader.LoadingServiceImpl       : <====================== D E M O ======================>
 Transporter 4 left Berlin on the way to Munich
2020-07-22 11:19:57.898  INFO 22276 --- [Thread-6] c.c.cargoloader.LoadingServiceImpl       : <====================== D E M O ======================>
 Transporter 5 left Berlin on the way to Dortmund
2020-07-22 11:20:07.062  INFO 22276 --- [Thread-2] c.c.cargoloader.LoadingServiceImpl       : <====================== D E M O ======================>
 Transporter 1is being processed in Cologne
2020-07-22 11:20:09.001  INFO 22276 --- [Thread-4] c.c.cargoloader.LoadingServiceImpl       : <====================== D E M O ======================>
 Transporter 3is being processed in Munich
